[17-10-2025 11:26:42] [INFO] TCP service started
[17-10-2025 11:26:42] [INFO] TCP socket: listening in port 5000
[17-10-2025 11:27:37] [INFO] Client Connection:/127.0.0.1
[17-10-2025 11:27:37] [INFO] Request received: login from unknown user
[17-10-2025 11:27:37] [INFO] Login attempt for user: leonardo
[17-10-2025 11:27:54] [INFO] Executing query to find player by username: leonardo
[17-10-2025 11:27:55] [INFO] Player found: leonardo
[17-10-2025 11:27:56] [INFO] Login successful for user: leonardo
[17-10-2025 11:27:56] [ERROR] Error updating user state for leonardo: Argument 'leonardo' could not be converted to the identifier type of entity 'org.example.entity.Player' [Error coercing value]
[17-10-2025 11:37:40] [INFO] Client Connection:/127.0.0.1
[17-10-2025 11:37:40] [INFO] Request received: login from unknown user
[17-10-2025 11:37:40] [INFO] Login attempt for user: leonardo
[17-10-2025 11:37:40] [INFO] Executing query to find player by username: leonardo
[17-10-2025 11:37:40] [INFO] Player found: leonardo
[17-10-2025 11:37:42] [INFO] Login successful for user: leonardo
[17-10-2025 11:37:42] [ERROR] Error updating user state for leonardo: Argument 'leonardo' could not be converted to the identifier type of entity 'org.example.entity.Player' [Error coercing value]
[17-10-2025 12:40:25] [INFO] TCP service started
[17-10-2025 12:40:25] [INFO] TCP socket: listening in port 5000
[17-10-2025 12:40:49] [INFO] Client Connection:/127.0.0.1
[17-10-2025 12:40:49] [INFO] Request received: login from unknown user
[17-10-2025 12:40:49] [INFO] Login attempt for user: leonardo
[17-10-2025 12:41:07] [INFO] Executing query to find player by username: leonardo
[17-10-2025 12:41:08] [INFO] Player found: leonardo
[17-10-2025 12:41:09] [INFO] Login successful for user: leonardo
[17-10-2025 12:41:09] [INFO] User state updated for leonardo to online
[17-10-2025 12:41:09] [INFO] User leonardo logged in and added to connected clients.
[17-10-2025 12:41:09] [INFO] Client leonardo disconnected.
[17-10-2025 12:41:09] [INFO] User state updated for leonardo to offline
[17-10-2025 12:56:03] [INFO] TCP service started
[17-10-2025 12:56:03] [INFO] TCP socket: listening in port 5000
[17-10-2025 12:56:59] [INFO] Client Connection:/127.0.0.1
[17-10-2025 12:57:00] [INFO] Request received: login from unknown user
[17-10-2025 12:57:00] [INFO] Login attempt for user: leonardo
[17-10-2025 12:57:19] [INFO] Executing query to find player by username: leonardo
[17-10-2025 12:57:20] [INFO] Player found: leonardo
[17-10-2025 12:57:21] [INFO] Login successful for user: leonardo
[17-10-2025 12:57:21] [INFO] User state updated for leonardo to online
[17-10-2025 12:57:21] [INFO] User leonardo logged in and added to connected clients.
[17-10-2025 12:57:21] [INFO] Client leonardo disconnected.
[17-10-2025 12:57:21] [INFO] User state updated for leonardo to offline
[17-10-2025 13:00:10] [INFO] Client Connection:/127.0.0.1
[17-10-2025 13:00:10] [INFO] Request received: login from unknown user
[17-10-2025 13:00:10] [INFO] Login attempt for user: leonardo
[17-10-2025 13:00:10] [INFO] Executing query to find player by username: leonardo
[17-10-2025 13:00:10] [INFO] Player found: leonardo
[17-10-2025 13:00:11] [INFO] Login successful for user: leonardo
[17-10-2025 13:00:11] [INFO] User state updated for leonardo to online
[17-10-2025 13:00:11] [INFO] User leonardo logged in and added to connected clients.
[17-10-2025 13:00:11] [INFO] Client leonardo disconnected.
[17-10-2025 13:00:11] [INFO] User state updated for leonardo to offline
[17-10-2025 13:06:27] [INFO] TCP service started
[17-10-2025 13:06:27] [INFO] TCP socket: listening in port 5000
[17-10-2025 13:07:10] [INFO] Client Connection:/127.0.0.1
[17-10-2025 13:07:11] [INFO] Request received: login from unknown user
[17-10-2025 13:07:11] [INFO] Login attempt for user: leonardo
[17-10-2025 13:07:30] [INFO] Executing query to find player by username: leonardo
[17-10-2025 13:07:31] [INFO] Player found: leonardo
[17-10-2025 13:07:32] [INFO] Login successful for user: leonardo
[17-10-2025 13:07:32] [INFO] User state updated for leonardo to online
[17-10-2025 13:07:32] [INFO] User leonardo logged in and added to connected clients.
[17-10-2025 13:07:32] [INFO] Client leonardo disconnected.
[17-10-2025 13:07:32] [INFO] User state updated for leonardo to offline
[17-10-2025 13:25:39] [INFO] TCP service started
[17-10-2025 13:25:39] [INFO] TCP socket: listening in port 5000
[17-10-2025 13:25:48] [INFO] Client Connection:/127.0.0.1
[17-10-2025 13:25:48] [INFO] Request received: login from unknown user
[17-10-2025 13:25:48] [INFO] Login attempt for user: leonardo
[17-10-2025 13:26:06] [INFO] Executing query to find player by username: leonardo
[17-10-2025 13:26:07] [INFO] Player found: leonardo
[17-10-2025 13:26:08] [INFO] Login successful for user: leonardo
[17-10-2025 13:26:08] [INFO] User state updated for leonardo to offline
[17-10-2025 13:26:08] [INFO] User leonardo logged in and added to connected clients.
[17-10-2025 13:26:08] [INFO] Client leonardo disconnected.
[17-10-2025 13:26:08] [INFO] User state updated for leonardo to offline
[17-10-2025 13:31:03] [INFO] TCP service started
[17-10-2025 13:31:03] [INFO] TCP socket: listening in port 5000
[17-10-2025 13:31:12] [INFO] Client Connection:/127.0.0.1
[17-10-2025 13:31:13] [INFO] Request received: login from unknown user
[17-10-2025 13:31:13] [INFO] Login attempt for user: leonardo
[17-10-2025 13:31:32] [INFO] Executing query to find player by username: leonardo
[17-10-2025 13:33:18] [INFO] Client Connection:/127.0.0.1
[17-10-2025 13:33:18] [INFO] Request received: login from unknown user
[17-10-2025 13:33:18] [INFO] Login attempt for user: leonardo
[17-10-2025 13:33:18] [INFO] Executing query to find player by username: leonardo
[17-10-2025 13:35:40] [INFO] TCP service started
[17-10-2025 13:35:40] [INFO] TCP socket: listening in port 5000
